
> @slydes/studio@0.1.0 build /Users/james/Projects/slydes/apps/studio
> next build

   ▲ Next.js 15.5.9
   - Environments: .env.local

   Creating an optimized production build ...
 ✓ Compiled successfully in 11.6s
   Skipping linting
   Checking validity of types ...
   Collecting page data ...
[Error [PageNotFoundError]: Cannot find module for page: /api/admin/seed-music-library] {
  code: 'ENOENT'
}
[Error [PageNotFoundError]: Cannot find module for page: /api/ai/context] {
  code: 'ENOENT'
}
[Error [PageNotFoundError]: Cannot find module for page: /api/ai/chat] {
  code: 'ENOENT'
}

> Build error occurred
[Error: Failed to collect page data for /api/admin/seed-music-library] {
  type: 'Error'
}
 ELIFECYCLE  Command failed with exit code 1.
