
> @slydes/marketing@0.1.0 build /Users/james/Projects/slydes/apps/marketing
> next build

   ▲ Next.js 16.0.10 (Turbopack)

   Creating an optimized production build ...
 ✓ Compiled successfully in 3.4s
   Running TypeScript ...
   Collecting page data using 9 workers ...
   Generating static pages using 9 workers (0/48) ...
 ⚠ metadataBase property in metadata export is not set for resolving social open graph or twitter images, using "http://localhost:3000". See https://nextjs.org/docs/app/api-reference/functions/generate-metadata#metadatabase
 ⚠ metadataBase property in metadata export is not set for resolving social open graph or twitter images, using "http://localhost:3000". See https://nextjs.org/docs/app/api-reference/functions/generate-metadata#metadatabase
   Generating static pages using 9 workers (12/48) 
   Generating static pages using 9 workers (24/48) 
   Generating static pages using 9 workers (36/48) 
 ✓ Generating static pages using 9 workers (48/48) in 549.4ms
   Finalizing page optimization ...

Route (app)
┌ ○ /
├ ○ /_not-found
├ ○ /admin/waitlist
├ ○ /affiliates
├ ƒ /api/admin/verify
├ ƒ /api/admin/waitlist
├ ƒ /api/contact
├ ƒ /api/create-checkout
├ ƒ /api/investor-auth
├ ƒ /api/investor-enquiry
├ ƒ /api/partner-application
├ ƒ /api/waitlist
├ ƒ /api/webhooks/stripe
├ ○ /apple-icon.png
├ ○ /contact
├ ○ /dashboard
├ ○ /demo
├ ○ /demo-slyde
├ ○ /demo/analytics
├ ○ /demo/background-animations
├ ○ /demo/components
├ ○ /demo/editor-depth-variations
├ ○ /demo/editor-home
├ ○ /demo/editor-mockup
├ ○ /demo/editor-states
├ ○ /demo/extreme-trailers
├ ○ /demo/hq-analytics
├ ○ /demo/hq-brand
├ ○ /demo/hq-dashboard
├ ○ /demo/hq-inbox
├ ○ /demo/hq-mockup
├ ○ /demo/hq-settings
├ ○ /demo/industry-templates
├ ○ /demo/logo-variations
├ ○ /demo/mobile-editor
├ ○ /demo/public-viewer
├ ○ /demo/slyde-types
├ ○ /demos
├ ○ /founding-member
├ ○ /founding-member/success
├ ○ /how-it-works
├ ○ /icon.svg
├ ○ /investors
├ ○ /pricing
├ ○ /showcase
└ ○ /signup


○  (Static)   prerendered as static content
ƒ  (Dynamic)  server-rendered on demand

